mode: set
github.com/FerretDB/FerretDB/internal/handlers/pg/pgdb/update.go:29.112,31.16 2 0
github.com/FerretDB/FerretDB/internal/handlers/pg/pgdb/update.go:35.2,37.22 2 0
github.com/FerretDB/FerretDB/internal/handlers/pg/pgdb/update.go:44.2,47.16 3 0
github.com/FerretDB/FerretDB/internal/handlers/pg/pgdb/update.go:51.2,51.32 1 0
github.com/FerretDB/FerretDB/internal/handlers/pg/pgdb/update.go:31.16,33.3 1 0
github.com/FerretDB/FerretDB/internal/handlers/pg/pgdb/update.go:37.22,42.3 3 0
github.com/FerretDB/FerretDB/internal/handlers/pg/pgdb/update.go:47.16,49.3 1 0
github.com/FerretDB/FerretDB/internal/handlers/pg/pgdb/delete.go:28.98,30.16 2 0
github.com/FerretDB/FerretDB/internal/handlers/pg/pgdb/delete.go:34.2,38.25 4 0
github.com/FerretDB/FerretDB/internal/handlers/pg/pgdb/delete.go:43.2,45.22 2 0
github.com/FerretDB/FerretDB/internal/handlers/pg/pgdb/delete.go:52.2,56.16 3 0
github.com/FerretDB/FerretDB/internal/handlers/pg/pgdb/delete.go:60.2,60.32 1 0
github.com/FerretDB/FerretDB/internal/handlers/pg/pgdb/delete.go:30.16,32.3 1 0
github.com/FerretDB/FerretDB/internal/handlers/pg/pgdb/delete.go:38.25,41.3 2 0
github.com/FerretDB/FerretDB/internal/handlers/pg/pgdb/delete.go:45.22,50.3 3 0
github.com/FerretDB/FerretDB/internal/handlers/pg/pgdb/delete.go:56.16,58.3 1 0
github.com/FerretDB/FerretDB/internal/handlers/pg/pgdb/insert.go:32.117,34.16 2 1
github.com/FerretDB/FerretDB/internal/handlers/pg/pgdb/insert.go:38.2,38.13 1 1
github.com/FerretDB/FerretDB/internal/handlers/pg/pgdb/insert.go:48.2,49.16 2 1
github.com/FerretDB/FerretDB/internal/handlers/pg/pgdb/insert.go:53.2,56.83 2 1
github.com/FerretDB/FerretDB/internal/handlers/pg/pgdb/insert.go:60.2,60.12 1 1
github.com/FerretDB/FerretDB/internal/handlers/pg/pgdb/insert.go:34.16,36.3 1 0
github.com/FerretDB/FerretDB/internal/handlers/pg/pgdb/insert.go:38.13,39.69 1 1
github.com/FerretDB/FerretDB/internal/handlers/pg/pgdb/insert.go:43.3,43.108 1 1
github.com/FerretDB/FerretDB/internal/handlers/pg/pgdb/insert.go:39.69,41.4 1 0
github.com/FerretDB/FerretDB/internal/handlers/pg/pgdb/insert.go:43.108,45.4 1 0
github.com/FerretDB/FerretDB/internal/handlers/pg/pgdb/insert.go:49.16,51.3 1 0
github.com/FerretDB/FerretDB/internal/handlers/pg/pgdb/insert.go:56.83,58.3 1 0
github.com/FerretDB/FerretDB/internal/handlers/pg/pgdb/placeholder.go:23.37,26.2 2 0
github.com/FerretDB/FerretDB/internal/handlers/pg/pgdb/pool.go:60.100,62.16 2 1
github.com/FerretDB/FerretDB/internal/handlers/pg/pgdb/pool.go:66.2,84.16 8 1
github.com/FerretDB/FerretDB/internal/handlers/pg/pgdb/pool.go:88.2,92.11 2 1
github.com/FerretDB/FerretDB/internal/handlers/pg/pgdb/pool.go:96.2,96.17 1 1
github.com/FerretDB/FerretDB/internal/handlers/pg/pgdb/pool.go:62.16,64.3 1 0
github.com/FerretDB/FerretDB/internal/handlers/pg/pgdb/pool.go:84.16,86.3 1 0
github.com/FerretDB/FerretDB/internal/handlers/pg/pgdb/pool.go:92.11,94.3 1 1
github.com/FerretDB/FerretDB/internal/handlers/pg/pgdb/pool.go:107.45,111.2 2 1
github.com/FerretDB/FerretDB/internal/handlers/pg/pgdb/pool.go:114.64,118.16 3 1
github.com/FerretDB/FerretDB/internal/handlers/pg/pgdb/pool.go:121.2,123.18 2 1
github.com/FerretDB/FerretDB/internal/handlers/pg/pgdb/pool.go:158.2,158.35 1 1
github.com/FerretDB/FerretDB/internal/handlers/pg/pgdb/pool.go:162.2,162.12 1 1
github.com/FerretDB/FerretDB/internal/handlers/pg/pgdb/pool.go:118.16,120.3 1 0
github.com/FerretDB/FerretDB/internal/handlers/pg/pgdb/pool.go:123.18,125.66 2 1
github.com/FerretDB/FerretDB/internal/handlers/pg/pgdb/pool.go:129.3,129.15 1 1
github.com/FerretDB/FerretDB/internal/handlers/pg/pgdb/pool.go:150.3,150.20 1 1
github.com/FerretDB/FerretDB/internal/handlers/pg/pgdb/pool.go:125.66,127.4 1 0
github.com/FerretDB/FerretDB/internal/handlers/pg/pgdb/pool.go:130.26,131.26 1 1
github.com/FerretDB/FerretDB/internal/handlers/pg/pgdb/pool.go:134.26,135.26 1 1
github.com/FerretDB/FerretDB/internal/handlers/pg/pgdb/pool.go:138.21,139.83 1 1
github.com/FerretDB/FerretDB/internal/handlers/pg/pgdb/pool.go:142.19,143.83 1 1
github.com/FerretDB/FerretDB/internal/handlers/pg/pgdb/pool.go:146.11,147.12 1 1
github.com/FerretDB/FerretDB/internal/handlers/pg/pgdb/pool.go:131.26,133.5 1 0
github.com/FerretDB/FerretDB/internal/handlers/pg/pgdb/pool.go:135.26,137.5 1 0
github.com/FerretDB/FerretDB/internal/handlers/pg/pgdb/pool.go:139.83,141.5 1 0
github.com/FerretDB/FerretDB/internal/handlers/pg/pgdb/pool.go:143.83,145.5 1 0
github.com/FerretDB/FerretDB/internal/handlers/pg/pgdb/pool.go:150.20,155.4 1 1
github.com/FerretDB/FerretDB/internal/handlers/pg/pgdb/pool.go:158.35,160.3 1 0
github.com/FerretDB/FerretDB/internal/handlers/pg/pgdb/pool.go:170.72,172.2 1 1
github.com/FerretDB/FerretDB/internal/handlers/pg/pgdb/pool.go:181.106,183.2 1 1
github.com/FerretDB/FerretDB/internal/handlers/pg/pgdb/pool.go:189.99,211.18 4 0
github.com/FerretDB/FerretDB/internal/handlers/pg/pgdb/pool.go:221.2,224.16 3 0
github.com/FerretDB/FerretDB/internal/handlers/pg/pgdb/pool.go:227.2,227.18 1 0
github.com/FerretDB/FerretDB/internal/handlers/pg/pgdb/pool.go:211.18,215.23 3 0
github.com/FerretDB/FerretDB/internal/handlers/pg/pgdb/pool.go:215.23,218.4 2 0
github.com/FerretDB/FerretDB/internal/handlers/pg/pgdb/pool.go:224.16,226.3 1 0
github.com/FerretDB/FerretDB/internal/handlers/pg/pgdb/pool.go:233.116,235.57 2 0
github.com/FerretDB/FerretDB/internal/handlers/pg/pgdb/pool.go:241.2,241.15 1 0
github.com/FerretDB/FerretDB/internal/handlers/pg/pgdb/pool.go:235.57,239.3 3 0
github.com/FerretDB/FerretDB/internal/handlers/pg/pgdb/pool.go:247.102,249.57 2 0
github.com/FerretDB/FerretDB/internal/handlers/pg/pgdb/pool.go:255.2,255.15 1 0
github.com/FerretDB/FerretDB/internal/handlers/pg/pgdb/pool.go:249.57,253.3 3 0
github.com/FerretDB/FerretDB/internal/handlers/pg/pgdb/pool.go:263.90,265.45 2 0
github.com/FerretDB/FerretDB/internal/handlers/pg/pgdb/pool.go:270.2,270.15 1 0
github.com/FerretDB/FerretDB/internal/handlers/pg/pgdb/pool.go:282.2,282.29 1 0
github.com/FerretDB/FerretDB/internal/handlers/pg/pgdb/pool.go:287.2,287.38 1 0
github.com/FerretDB/FerretDB/internal/handlers/pg/pgdb/pool.go:292.2,292.8 1 0
github.com/FerretDB/FerretDB/internal/handlers/pg/pgdb/pool.go:265.45,268.3 2 0
github.com/FerretDB/FerretDB/internal/handlers/pg/pgdb/pool.go:270.15,271.17 1 0
github.com/FerretDB/FerretDB/internal/handlers/pg/pgdb/pool.go:274.3,274.44 1 0
github.com/FerretDB/FerretDB/internal/handlers/pg/pgdb/pool.go:271.17,273.4 1 0
github.com/FerretDB/FerretDB/internal/handlers/pg/pgdb/pool.go:274.44,279.4 1 0
github.com/FerretDB/FerretDB/internal/handlers/pg/pgdb/pool.go:282.29,285.3 2 0
github.com/FerretDB/FerretDB/internal/handlers/pg/pgdb/pool.go:287.38,290.3 2 0
github.com/FerretDB/FerretDB/internal/handlers/pg/pgdb/query.go:54.127,56.16 2 1
github.com/FerretDB/FerretDB/internal/handlers/pg/pgdb/query.go:64.2,65.16 2 1
github.com/FerretDB/FerretDB/internal/handlers/pg/pgdb/query.go:69.2,71.53 2 1
github.com/FerretDB/FerretDB/internal/handlers/pg/pgdb/query.go:56.16,57.39 1 1
github.com/FerretDB/FerretDB/internal/handlers/pg/pgdb/query.go:61.3,61.36 1 0
github.com/FerretDB/FerretDB/internal/handlers/pg/pgdb/query.go:57.39,59.4 1 1
github.com/FerretDB/FerretDB/internal/handlers/pg/pgdb/query.go:65.16,67.3 1 0
github.com/FerretDB/FerretDB/internal/handlers/pg/pgdb/query.go:75.95,77.16 2 0
github.com/FerretDB/FerretDB/internal/handlers/pg/pgdb/query.go:81.2,82.16 2 0
github.com/FerretDB/FerretDB/internal/handlers/pg/pgdb/query.go:85.2,88.18 3 0
github.com/FerretDB/FerretDB/internal/handlers/pg/pgdb/query.go:107.2,107.34 1 0
github.com/FerretDB/FerretDB/internal/handlers/pg/pgdb/query.go:111.2,111.18 1 0
github.com/FerretDB/FerretDB/internal/handlers/pg/pgdb/query.go:77.16,79.3 1 0
github.com/FerretDB/FerretDB/internal/handlers/pg/pgdb/query.go:82.16,84.3 1 0
github.com/FerretDB/FerretDB/internal/handlers/pg/pgdb/query.go:88.18,90.38 2 0
github.com/FerretDB/FerretDB/internal/handlers/pg/pgdb/query.go:94.3,95.50 2 0
github.com/FerretDB/FerretDB/internal/handlers/pg/pgdb/query.go:99.3,99.27 1 0
github.com/FerretDB/FerretDB/internal/handlers/pg/pgdb/query.go:90.38,92.4 1 0
github.com/FerretDB/FerretDB/internal/handlers/pg/pgdb/query.go:95.50,97.4 1 0
github.com/FerretDB/FerretDB/internal/handlers/pg/pgdb/query.go:99.27,101.41 2 0
github.com/FerretDB/FerretDB/internal/handlers/pg/pgdb/query.go:101.41,103.5 1 0
github.com/FerretDB/FerretDB/internal/handlers/pg/pgdb/query.go:107.34,109.3 1 0
github.com/FerretDB/FerretDB/internal/handlers/pg/pgdb/query.go:118.93,120.16 2 1
github.com/FerretDB/FerretDB/internal/handlers/pg/pgdb/query.go:123.2,123.13 1 1
github.com/FerretDB/FerretDB/internal/handlers/pg/pgdb/query.go:127.2,128.16 2 1
github.com/FerretDB/FerretDB/internal/handlers/pg/pgdb/query.go:132.2,133.30 2 1
github.com/FerretDB/FerretDB/internal/handlers/pg/pgdb/query.go:140.2,142.16 2 1
github.com/FerretDB/FerretDB/internal/handlers/pg/pgdb/query.go:146.2,146.15 1 1
github.com/FerretDB/FerretDB/internal/handlers/pg/pgdb/query.go:120.16,122.3 1 0
github.com/FerretDB/FerretDB/internal/handlers/pg/pgdb/query.go:123.13,125.3 1 1
github.com/FerretDB/FerretDB/internal/handlers/pg/pgdb/query.go:128.16,130.3 1 0
github.com/FerretDB/FerretDB/internal/handlers/pg/pgdb/query.go:133.30,139.3 3 0
github.com/FerretDB/FerretDB/internal/handlers/pg/pgdb/query.go:142.16,144.3 1 0
github.com/FerretDB/FerretDB/internal/handlers/pg/pgdb/query.go:150.33,151.31 1 0
github.com/FerretDB/FerretDB/internal/handlers/pg/pgdb/query.go:152.22,155.26 3 0
github.com/FerretDB/FerretDB/internal/handlers/pg/pgdb/query.go:159.3,159.11 1 0
github.com/FerretDB/FerretDB/internal/handlers/pg/pgdb/query.go:161.13,163.27 2 0
github.com/FerretDB/FerretDB/internal/handlers/pg/pgdb/query.go:166.3,166.11 1 0
github.com/FerretDB/FerretDB/internal/handlers/pg/pgdb/query.go:168.11,169.20 1 0
github.com/FerretDB/FerretDB/internal/handlers/pg/pgdb/query.go:171.29,172.15 1 0
github.com/FerretDB/FerretDB/internal/handlers/pg/pgdb/query.go:174.10,175.63 1 0
github.com/FerretDB/FerretDB/internal/handlers/pg/pgdb/query.go:155.26,158.4 2 0
github.com/FerretDB/FerretDB/internal/handlers/pg/pgdb/query.go:163.27,165.4 1 0
github.com/FerretDB/FerretDB/internal/handlers/pg/pgdb/tables.go:29.92,31.16 2 0
github.com/FerretDB/FerretDB/internal/handlers/pg/pgdb/tables.go:35.2,36.31 2 0
github.com/FerretDB/FerretDB/internal/handlers/pg/pgdb/tables.go:44.2,44.22 1 0
github.com/FerretDB/FerretDB/internal/handlers/pg/pgdb/tables.go:31.16,33.3 1 0
github.com/FerretDB/FerretDB/internal/handlers/pg/pgdb/tables.go:36.31,37.47 1 0
github.com/FerretDB/FerretDB/internal/handlers/pg/pgdb/tables.go:41.3,41.37 1 0
github.com/FerretDB/FerretDB/internal/handlers/pg/pgdb/tables.go:37.47,38.12 1 0
github.com/FerretDB/FerretDB/internal/handlers/pg/pgdb/tables.go:48.92,55.16 3 1
github.com/FerretDB/FerretDB/internal/handlers/pg/pgdb/tables.go:58.2,62.18 4 1
github.com/FerretDB/FerretDB/internal/handlers/pg/pgdb/tables.go:69.2,69.34 1 1
github.com/FerretDB/FerretDB/internal/handlers/pg/pgdb/tables.go:73.2,73.20 1 1
github.com/FerretDB/FerretDB/internal/handlers/pg/pgdb/tables.go:55.16,57.3 1 0
github.com/FerretDB/FerretDB/internal/handlers/pg/pgdb/tables.go:62.18,63.41 1 1
github.com/FerretDB/FerretDB/internal/handlers/pg/pgdb/tables.go:67.3,67.32 1 1
github.com/FerretDB/FerretDB/internal/handlers/pg/pgdb/tables.go:63.41,65.4 1 0
github.com/FerretDB/FerretDB/internal/handlers/pg/pgdb/tables.go:69.34,71.3 1 0
github.com/FerretDB/FerretDB/internal/handlers/pg/pgdb/collections.go:45.93,47.16 2 1
github.com/FerretDB/FerretDB/internal/handlers/pg/pgdb/collections.go:51.2,51.19 1 1
github.com/FerretDB/FerretDB/internal/handlers/pg/pgdb/collections.go:55.2,56.16 2 1
github.com/FerretDB/FerretDB/internal/handlers/pg/pgdb/collections.go:60.2,63.9 3 1
github.com/FerretDB/FerretDB/internal/handlers/pg/pgdb/collections.go:68.2,71.19 3 1
github.com/FerretDB/FerretDB/internal/handlers/pg/pgdb/collections.go:47.16,49.3 1 0
github.com/FerretDB/FerretDB/internal/handlers/pg/pgdb/collections.go:51.19,53.3 1 1
github.com/FerretDB/FerretDB/internal/handlers/pg/pgdb/collections.go:56.16,58.3 1 0
github.com/FerretDB/FerretDB/internal/handlers/pg/pgdb/collections.go:63.9,65.3 1 0
github.com/FerretDB/FerretDB/internal/handlers/pg/pgdb/collections.go:75.106,77.16 2 1
github.com/FerretDB/FerretDB/internal/handlers/pg/pgdb/collections.go:84.2,84.54 1 1
github.com/FerretDB/FerretDB/internal/handlers/pg/pgdb/collections.go:77.16,78.40 1 1
github.com/FerretDB/FerretDB/internal/handlers/pg/pgdb/collections.go:81.3,81.20 1 0
github.com/FerretDB/FerretDB/internal/handlers/pg/pgdb/collections.go:78.40,80.4 1 1
github.com/FerretDB/FerretDB/internal/handlers/pg/pgdb/collections.go:95.98,97.49 1 1
github.com/FerretDB/FerretDB/internal/handlers/pg/pgdb/collections.go:101.2,102.16 2 1
github.com/FerretDB/FerretDB/internal/handlers/pg/pgdb/collections.go:106.2,106.19 1 1
github.com/FerretDB/FerretDB/internal/handlers/pg/pgdb/collections.go:110.2,112.16 3 1
github.com/FerretDB/FerretDB/internal/handlers/pg/pgdb/collections.go:115.2,115.36 1 1
github.com/FerretDB/FerretDB/internal/handlers/pg/pgdb/collections.go:119.2,120.16 2 1
github.com/FerretDB/FerretDB/internal/handlers/pg/pgdb/collections.go:124.2,126.9 3 1
github.com/FerretDB/FerretDB/internal/handlers/pg/pgdb/collections.go:130.2,130.33 1 1
github.com/FerretDB/FerretDB/internal/handlers/pg/pgdb/collections.go:135.2,139.16 4 1
github.com/FerretDB/FerretDB/internal/handlers/pg/pgdb/collections.go:143.2,144.49 2 1
github.com/FerretDB/FerretDB/internal/handlers/pg/pgdb/collections.go:148.2,149.29 2 1
github.com/FerretDB/FerretDB/internal/handlers/pg/pgdb/collections.go:153.2,153.20 1 1
github.com/FerretDB/FerretDB/internal/handlers/pg/pgdb/collections.go:97.49,99.3 1 0
github.com/FerretDB/FerretDB/internal/handlers/pg/pgdb/collections.go:102.16,104.3 1 0
github.com/FerretDB/FerretDB/internal/handlers/pg/pgdb/collections.go:106.19,108.3 1 1
github.com/FerretDB/FerretDB/internal/handlers/pg/pgdb/collections.go:112.16,114.3 1 0
github.com/FerretDB/FerretDB/internal/handlers/pg/pgdb/collections.go:115.36,117.3 1 1
github.com/FerretDB/FerretDB/internal/handlers/pg/pgdb/collections.go:120.16,122.3 1 0
github.com/FerretDB/FerretDB/internal/handlers/pg/pgdb/collections.go:126.9,128.3 1 0
github.com/FerretDB/FerretDB/internal/handlers/pg/pgdb/collections.go:130.33,132.3 1 1
github.com/FerretDB/FerretDB/internal/handlers/pg/pgdb/collections.go:139.16,141.3 1 0
github.com/FerretDB/FerretDB/internal/handlers/pg/pgdb/collections.go:144.49,146.3 1 1
github.com/FerretDB/FerretDB/internal/handlers/pg/pgdb/collections.go:149.29,151.3 1 0
github.com/FerretDB/FerretDB/internal/handlers/pg/pgdb/collections.go:154.86,157.25 1 1
github.com/FerretDB/FerretDB/internal/handlers/pg/pgdb/collections.go:158.10,159.31 1 0
github.com/FerretDB/FerretDB/internal/handlers/pg/pgdb/collections.go:168.116,170.16 2 1
github.com/FerretDB/FerretDB/internal/handlers/pg/pgdb/collections.go:174.2,174.12 1 1
github.com/FerretDB/FerretDB/internal/handlers/pg/pgdb/collections.go:181.2,181.93 1 1
github.com/FerretDB/FerretDB/internal/handlers/pg/pgdb/collections.go:186.2,186.71 1 1
github.com/FerretDB/FerretDB/internal/handlers/pg/pgdb/collections.go:194.2,194.18 1 1
github.com/FerretDB/FerretDB/internal/handlers/pg/pgdb/collections.go:170.16,172.3 1 0
github.com/FerretDB/FerretDB/internal/handlers/pg/pgdb/collections.go:174.12,176.3 1 1
github.com/FerretDB/FerretDB/internal/handlers/pg/pgdb/collections.go:181.93,183.3 1 0
github.com/FerretDB/FerretDB/internal/handlers/pg/pgdb/collections.go:186.71,187.38 1 0
github.com/FerretDB/FerretDB/internal/handlers/pg/pgdb/collections.go:191.3,191.38 1 0
github.com/FerretDB/FerretDB/internal/handlers/pg/pgdb/collections.go:187.38,189.4 1 0
github.com/FerretDB/FerretDB/internal/handlers/pg/pgdb/collections.go:201.100,203.16 2 1
github.com/FerretDB/FerretDB/internal/handlers/pg/pgdb/collections.go:207.2,207.19 1 1
github.com/FerretDB/FerretDB/internal/handlers/pg/pgdb/collections.go:211.2,213.16 3 1
github.com/FerretDB/FerretDB/internal/handlers/pg/pgdb/collections.go:216.2,216.37 1 1
github.com/FerretDB/FerretDB/internal/handlers/pg/pgdb/collections.go:220.2,221.53 2 1
github.com/FerretDB/FerretDB/internal/handlers/pg/pgdb/collections.go:224.2,224.38 1 1
github.com/FerretDB/FerretDB/internal/handlers/pg/pgdb/collections.go:229.2,231.16 3 1
github.com/FerretDB/FerretDB/internal/handlers/pg/pgdb/collections.go:235.2,235.12 1 1
github.com/FerretDB/FerretDB/internal/handlers/pg/pgdb/collections.go:203.16,205.3 1 0
github.com/FerretDB/FerretDB/internal/handlers/pg/pgdb/collections.go:207.19,209.3 1 1
github.com/FerretDB/FerretDB/internal/handlers/pg/pgdb/collections.go:213.16,215.3 1 0
github.com/FerretDB/FerretDB/internal/handlers/pg/pgdb/collections.go:216.37,218.3 1 1
github.com/FerretDB/FerretDB/internal/handlers/pg/pgdb/collections.go:221.53,223.3 1 0
github.com/FerretDB/FerretDB/internal/handlers/pg/pgdb/collections.go:224.38,226.3 1 0
github.com/FerretDB/FerretDB/internal/handlers/pg/pgdb/collections.go:231.16,233.3 1 0
github.com/FerretDB/FerretDB/internal/handlers/pg/pgdb/databases.go:31.80,34.16 3 0
github.com/FerretDB/FerretDB/internal/handlers/pg/pgdb/databases.go:37.2,40.18 3 0
github.com/FerretDB/FerretDB/internal/handlers/pg/pgdb/databases.go:52.2,52.34 1 0
github.com/FerretDB/FerretDB/internal/handlers/pg/pgdb/databases.go:56.2,56.17 1 0
github.com/FerretDB/FerretDB/internal/handlers/pg/pgdb/databases.go:34.16,36.3 1 0
github.com/FerretDB/FerretDB/internal/handlers/pg/pgdb/databases.go:40.18,42.41 2 0
github.com/FerretDB/FerretDB/internal/handlers/pg/pgdb/databases.go:46.3,46.69 1 0
github.com/FerretDB/FerretDB/internal/handlers/pg/pgdb/databases.go:50.3,50.26 1 0
github.com/FerretDB/FerretDB/internal/handlers/pg/pgdb/databases.go:42.41,44.4 1 0
github.com/FerretDB/FerretDB/internal/handlers/pg/pgdb/databases.go:46.69,47.12 1 0
github.com/FerretDB/FerretDB/internal/handlers/pg/pgdb/databases.go:52.34,54.3 1 0
github.com/FerretDB/FerretDB/internal/handlers/pg/pgdb/databases.go:67.84,69.41 1 1
github.com/FerretDB/FerretDB/internal/handlers/pg/pgdb/databases.go:73.2,74.16 2 1
github.com/FerretDB/FerretDB/internal/handlers/pg/pgdb/databases.go:78.2,78.16 1 1
github.com/FerretDB/FerretDB/internal/handlers/pg/pgdb/databases.go:82.2,83.29 2 1
github.com/FerretDB/FerretDB/internal/handlers/pg/pgdb/databases.go:87.2,87.20 1 1
github.com/FerretDB/FerretDB/internal/handlers/pg/pgdb/databases.go:69.41,71.3 1 0
github.com/FerretDB/FerretDB/internal/handlers/pg/pgdb/databases.go:74.16,76.3 1 1
github.com/FerretDB/FerretDB/internal/handlers/pg/pgdb/databases.go:78.16,80.3 1 1
github.com/FerretDB/FerretDB/internal/handlers/pg/pgdb/databases.go:83.29,85.3 1 0
github.com/FerretDB/FerretDB/internal/handlers/pg/pgdb/databases.go:88.33,89.25 1 1
github.com/FerretDB/FerretDB/internal/handlers/pg/pgdb/databases.go:90.60,93.25 1 1
github.com/FerretDB/FerretDB/internal/handlers/pg/pgdb/databases.go:94.10,95.31 1 0
github.com/FerretDB/FerretDB/internal/handlers/pg/pgdb/databases.go:101.95,103.41 1 1
github.com/FerretDB/FerretDB/internal/handlers/pg/pgdb/databases.go:107.2,108.16 2 1
github.com/FerretDB/FerretDB/internal/handlers/pg/pgdb/databases.go:112.2,112.51 1 1
github.com/FerretDB/FerretDB/internal/handlers/pg/pgdb/databases.go:116.2,117.29 2 0
github.com/FerretDB/FerretDB/internal/handlers/pg/pgdb/databases.go:121.2,121.20 1 0
github.com/FerretDB/FerretDB/internal/handlers/pg/pgdb/databases.go:103.41,105.3 1 0
github.com/FerretDB/FerretDB/internal/handlers/pg/pgdb/databases.go:108.16,110.3 1 1
github.com/FerretDB/FerretDB/internal/handlers/pg/pgdb/databases.go:112.51,114.3 1 1
github.com/FerretDB/FerretDB/internal/handlers/pg/pgdb/databases.go:117.29,119.3 1 0
github.com/FerretDB/FerretDB/internal/handlers/pg/pgdb/databases.go:122.33,123.25 1 0
github.com/FerretDB/FerretDB/internal/handlers/pg/pgdb/databases.go:124.60,127.25 1 0
github.com/FerretDB/FerretDB/internal/handlers/pg/pgdb/databases.go:128.10,129.31 1 0
github.com/FerretDB/FerretDB/internal/handlers/pg/pgdb/databases.go:136.82,138.16 2 1
github.com/FerretDB/FerretDB/internal/handlers/pg/pgdb/databases.go:142.2,143.9 2 1
github.com/FerretDB/FerretDB/internal/handlers/pg/pgdb/databases.go:147.2,147.20 1 1
github.com/FerretDB/FerretDB/internal/handlers/pg/pgdb/databases.go:138.16,140.3 1 1
github.com/FerretDB/FerretDB/internal/handlers/pg/pgdb/databases.go:143.9,145.3 1 0
github.com/FerretDB/FerretDB/internal/handlers/pg/pgdb/databases.go:148.35,149.27 1 1
github.com/FerretDB/FerretDB/internal/handlers/pg/pgdb/databases.go:150.10,151.31 1 0
github.com/FerretDB/FerretDB/internal/handlers/pg/pgdb/query_iterator.go:45.34,46.20 1 1
github.com/FerretDB/FerretDB/internal/handlers/pg/pgdb/query_iterator.go:46.20,48.3 1 1
github.com/FerretDB/FerretDB/internal/handlers/pg/pgdb/query_iterator.go:52.38,53.20 1 1
github.com/FerretDB/FerretDB/internal/handlers/pg/pgdb/query_iterator.go:57.2,57.16 1 1
github.com/FerretDB/FerretDB/internal/handlers/pg/pgdb/query_iterator.go:61.2,64.19 3 1
github.com/FerretDB/FerretDB/internal/handlers/pg/pgdb/query_iterator.go:53.20,55.3 1 1
github.com/FerretDB/FerretDB/internal/handlers/pg/pgdb/query_iterator.go:57.16,59.3 1 1
github.com/FerretDB/FerretDB/internal/handlers/pg/pgdb/query_iterator.go:74.95,76.20 2 1
github.com/FerretDB/FerretDB/internal/handlers/pg/pgdb/query_iterator.go:80.2,80.50 1 1
github.com/FerretDB/FerretDB/internal/handlers/pg/pgdb/query_iterator.go:114.2,114.26 1 1
github.com/FerretDB/FerretDB/internal/handlers/pg/pgdb/query_iterator.go:118.2,118.17 1 1
github.com/FerretDB/FerretDB/internal/handlers/pg/pgdb/query_iterator.go:76.20,78.3 1 1
github.com/FerretDB/FerretDB/internal/handlers/pg/pgdb/query_iterator.go:80.50,81.18 1 1
github.com/FerretDB/FerretDB/internal/handlers/pg/pgdb/query_iterator.go:85.3,85.38 1 1
github.com/FerretDB/FerretDB/internal/handlers/pg/pgdb/query_iterator.go:102.3,103.17 2 1
github.com/FerretDB/FerretDB/internal/handlers/pg/pgdb/query_iterator.go:107.3,107.12 1 1
github.com/FerretDB/FerretDB/internal/handlers/pg/pgdb/query_iterator.go:111.3,111.30 1 1
github.com/FerretDB/FerretDB/internal/handlers/pg/pgdb/query_iterator.go:81.18,82.9 1 1
github.com/FerretDB/FerretDB/internal/handlers/pg/pgdb/query_iterator.go:85.38,92.84 2 1
github.com/FerretDB/FerretDB/internal/handlers/pg/pgdb/query_iterator.go:97.4,99.19 2 0
github.com/FerretDB/FerretDB/internal/handlers/pg/pgdb/query_iterator.go:92.84,94.10 2 1
github.com/FerretDB/FerretDB/internal/handlers/pg/pgdb/query_iterator.go:103.17,105.4 1 1
github.com/FerretDB/FerretDB/internal/handlers/pg/pgdb/query_iterator.go:107.12,109.4 1 1
github.com/FerretDB/FerretDB/internal/handlers/pg/pgdb/query_iterator.go:114.26,116.3 1 1
github.com/FerretDB/FerretDB/internal/handlers/pg/pgdb/query_iterator.go:121.92,123.41 2 1
github.com/FerretDB/FerretDB/internal/handlers/pg/pgdb/query_iterator.go:127.2,128.16 2 1
github.com/FerretDB/FerretDB/internal/handlers/pg/pgdb/query_iterator.go:132.2,135.16 3 1
github.com/FerretDB/FerretDB/internal/handlers/pg/pgdb/query_iterator.go:139.2,139.24 1 1
github.com/FerretDB/FerretDB/internal/handlers/pg/pgdb/query_iterator.go:123.41,125.3 1 1
github.com/FerretDB/FerretDB/internal/handlers/pg/pgdb/query_iterator.go:128.16,130.3 1 0
github.com/FerretDB/FerretDB/internal/handlers/pg/pgdb/query_iterator.go:135.16,137.3 1 0
github.com/FerretDB/FerretDB/internal/handlers/pg/pgdb/query_iterator.go:142.118,149.2 1 1
github.com/FerretDB/FerretDB/internal/handlers/pg/pgdb/schemas.go:27.90,30.16 3 1
github.com/FerretDB/FerretDB/internal/handlers/pg/pgdb/schemas.go:33.2,35.18 2 1
github.com/FerretDB/FerretDB/internal/handlers/pg/pgdb/schemas.go:43.2,43.19 1 1
github.com/FerretDB/FerretDB/internal/handlers/pg/pgdb/schemas.go:30.16,32.3 1 0
github.com/FerretDB/FerretDB/internal/handlers/pg/pgdb/schemas.go:35.18,38.17 3 1
github.com/FerretDB/FerretDB/internal/handlers/pg/pgdb/schemas.go:38.17,40.4 1 1
github.com/FerretDB/FerretDB/internal/handlers/pg/pgdb/settings.go:48.89,50.16 2 1
github.com/FerretDB/FerretDB/internal/handlers/pg/pgdb/settings.go:54.2,54.48 1 1
github.com/FerretDB/FerretDB/internal/handlers/pg/pgdb/settings.go:59.2,61.16 3 1
github.com/FerretDB/FerretDB/internal/handlers/pg/pgdb/settings.go:81.2,84.16 4 1
github.com/FerretDB/FerretDB/internal/handlers/pg/pgdb/settings.go:88.2,88.12 1 1
github.com/FerretDB/FerretDB/internal/handlers/pg/pgdb/settings.go:50.16,52.3 1 0
github.com/FerretDB/FerretDB/internal/handlers/pg/pgdb/settings.go:54.48,56.3 1 1
github.com/FerretDB/FerretDB/internal/handlers/pg/pgdb/settings.go:61.16,63.10 2 0
github.com/FerretDB/FerretDB/internal/handlers/pg/pgdb/settings.go:67.3,67.21 1 0
github.com/FerretDB/FerretDB/internal/handlers/pg/pgdb/settings.go:63.10,65.4 1 0
github.com/FerretDB/FerretDB/internal/handlers/pg/pgdb/settings.go:68.36,69.27 1 0
github.com/FerretDB/FerretDB/internal/handlers/pg/pgdb/settings.go:70.33,71.26 1 0
github.com/FerretDB/FerretDB/internal/handlers/pg/pgdb/settings.go:72.61,75.26 1 0
github.com/FerretDB/FerretDB/internal/handlers/pg/pgdb/settings.go:76.11,77.65 1 0
github.com/FerretDB/FerretDB/internal/handlers/pg/pgdb/settings.go:84.16,86.3 1 0
github.com/FerretDB/FerretDB/internal/handlers/pg/pgdb/settings.go:94.104,96.16 2 1
github.com/FerretDB/FerretDB/internal/handlers/pg/pgdb/settings.go:100.2,100.19 1 1
github.com/FerretDB/FerretDB/internal/handlers/pg/pgdb/settings.go:104.2,105.16 2 1
github.com/FerretDB/FerretDB/internal/handlers/pg/pgdb/settings.go:109.2,109.49 1 1
github.com/FerretDB/FerretDB/internal/handlers/pg/pgdb/settings.go:116.2,117.16 2 1
github.com/FerretDB/FerretDB/internal/handlers/pg/pgdb/settings.go:121.2,123.9 3 1
github.com/FerretDB/FerretDB/internal/handlers/pg/pgdb/settings.go:127.2,127.33 1 1
github.com/FerretDB/FerretDB/internal/handlers/pg/pgdb/settings.go:131.2,136.16 5 0
github.com/FerretDB/FerretDB/internal/handlers/pg/pgdb/settings.go:140.2,140.23 1 0
github.com/FerretDB/FerretDB/internal/handlers/pg/pgdb/settings.go:96.16,98.3 1 0
github.com/FerretDB/FerretDB/internal/handlers/pg/pgdb/settings.go:100.19,102.3 1 0
github.com/FerretDB/FerretDB/internal/handlers/pg/pgdb/settings.go:105.16,107.3 1 0
github.com/FerretDB/FerretDB/internal/handlers/pg/pgdb/settings.go:109.49,111.17 2 0
github.com/FerretDB/FerretDB/internal/handlers/pg/pgdb/settings.go:111.17,113.4 1 0
github.com/FerretDB/FerretDB/internal/handlers/pg/pgdb/settings.go:117.16,119.3 1 0
github.com/FerretDB/FerretDB/internal/handlers/pg/pgdb/settings.go:123.9,125.3 1 0
github.com/FerretDB/FerretDB/internal/handlers/pg/pgdb/settings.go:127.33,129.3 1 1
github.com/FerretDB/FerretDB/internal/handlers/pg/pgdb/settings.go:136.16,138.3 1 0
github.com/FerretDB/FerretDB/internal/handlers/pg/pgdb/settings.go:144.105,147.16 3 1
github.com/FerretDB/FerretDB/internal/handlers/pg/pgdb/settings.go:150.2,152.18 2 1
github.com/FerretDB/FerretDB/internal/handlers/pg/pgdb/settings.go:156.2,157.38 2 1
github.com/FerretDB/FerretDB/internal/handlers/pg/pgdb/settings.go:161.2,162.16 2 1
github.com/FerretDB/FerretDB/internal/handlers/pg/pgdb/settings.go:166.2,167.9 2 1
github.com/FerretDB/FerretDB/internal/handlers/pg/pgdb/settings.go:171.2,171.22 1 1
github.com/FerretDB/FerretDB/internal/handlers/pg/pgdb/settings.go:147.16,149.3 1 0
github.com/FerretDB/FerretDB/internal/handlers/pg/pgdb/settings.go:152.18,154.3 1 0
github.com/FerretDB/FerretDB/internal/handlers/pg/pgdb/settings.go:157.38,159.3 1 0
github.com/FerretDB/FerretDB/internal/handlers/pg/pgdb/settings.go:162.16,164.3 1 0
github.com/FerretDB/FerretDB/internal/handlers/pg/pgdb/settings.go:167.9,169.3 1 0
github.com/FerretDB/FerretDB/internal/handlers/pg/pgdb/settings.go:175.115,179.2 3 1
github.com/FerretDB/FerretDB/internal/handlers/pg/pgdb/settings.go:182.105,184.16 2 1
github.com/FerretDB/FerretDB/internal/handlers/pg/pgdb/settings.go:188.2,189.9 2 1
github.com/FerretDB/FerretDB/internal/handlers/pg/pgdb/settings.go:193.2,193.34 1 1
github.com/FerretDB/FerretDB/internal/handlers/pg/pgdb/settings.go:197.2,201.72 3 1
github.com/FerretDB/FerretDB/internal/handlers/pg/pgdb/settings.go:205.2,205.12 1 1
github.com/FerretDB/FerretDB/internal/handlers/pg/pgdb/settings.go:184.16,186.3 1 0
github.com/FerretDB/FerretDB/internal/handlers/pg/pgdb/settings.go:189.9,191.3 1 0
github.com/FerretDB/FerretDB/internal/handlers/pg/pgdb/settings.go:193.34,195.3 1 0
github.com/FerretDB/FerretDB/internal/handlers/pg/pgdb/settings.go:201.72,203.3 1 0
github.com/FerretDB/FerretDB/internal/handlers/pg/pgdb/settings.go:209.47,215.34 5 1
github.com/FerretDB/FerretDB/internal/handlers/pg/pgdb/settings.go:219.2,219.74 1 1
github.com/FerretDB/FerretDB/internal/handlers/pg/pgdb/settings.go:215.34,217.3 1 1
